
Showing logs for build [32mcb-kubecd-environment-pr-175-12-gvqgx-1[0m stage [32mfrom-build-pack[0m and container [32mstep-credential-initializer-kkbnc[0m
{"level":"warn","ts":1583478064.5729575,"logger":"fallback-logger","caller":"logging/config.go:69","msg":"Fetch GitHub commit ID from kodata failed: \"ref: refs/heads/0.8.0-**-support-backwards-incompats\" is not a valid GitHub commit ID"}
{"level":"info","ts":1583478064.5744119,"logger":"fallback-logger","caller":"creds-init/main.go:40","msg":"Credentials initialized."}

Showing logs for build [32mcb-kubecd-environment-pr-175-12-gvqgx-1[0m stage [32mfrom-build-pack[0m and container [32mstep-working-dir-initializer-bl2lt[0m
{"level":"warn","ts":1583478065.0821698,"logger":"fallback-logger","caller":"logging/config.go:69","msg":"Fetch GitHub commit ID from kodata failed: open /var/run/ko/HEAD: no such file or directory"}
{"level":"info","ts":1583478065.0841763,"logger":"fallback-logger","caller":"bash/main.go:64","msg":"Successfully executed command \"sh -c mkdir -p /workspace/source\"; output "}

Showing logs for build [32mcb-kubecd-environment-pr-175-12-gvqgx-1[0m stage [32mfrom-build-pack[0m and container [32mstep-place-tools[0m

Showing logs for build [32mcb-kubecd-environment-pr-175-12-gvqgx-1[0m stage [32mfrom-build-pack[0m and container [32mstep-git-source-cb-kubecd-environment-pr-175-12-gvqgx-j7z5n[0m
{"level":"warn","ts":1583478092.1676443,"logger":"fallback-logger","caller":"logging/config.go:69","msg":"Fetch GitHub commit ID from kodata failed: \"ref: refs/heads/0.8.0-**-support-backwards-incompats\" is not a valid GitHub commit ID"}
{"level":"info","ts":1583478093.2446818,"logger":"fallback-logger","caller":"git/git.go:103","msg":"Successfully cloned https://github.com/cb-kubecd/environment-pr-175-12-gke-upgrade-production.git @ master in path /workspace/source"}

Showing logs for build [32mcb-kubecd-environment-pr-175-12-gvqgx-1[0m stage [32mfrom-build-pack[0m and container [32mstep-git-merge[0m
Using SHAs from PULL_REFS=master:37f5602be67187bf0f4b3a3007487255339d1493,1:963979e92fe172352d7c12f0e82b67bb373f6cdd
DEBUG: LC_ALL=C JX_LOG_LEVEL=error git fetch origin --unshallow 963979e92fe172352d7c12f0e82b67bb373f6cdd: 37f5602be67187bf0f4b3a3007487255339d1493:
DEBUG: ran git fetch --unshallow origin 963979e92fe172352d7c12f0e82b67bb373f6cdd: 37f5602be67187bf0f4b3a3007487255339d1493: in 
DEBUG: LC_ALL=C JX_LOG_LEVEL=error git branch
DEBUG: LC_ALL=C JX_LOG_LEVEL=error git checkout master
DEBUG: ran git checkout master in 
DEBUG: LC_ALL=C JX_LOG_LEVEL=error git reset --hard 37f5602be67187bf0f4b3a3007487255339d1493
DEBUG: ran git reset --hard 37f5602be67187bf0f4b3a3007487255339d1493 in 
DEBUG: LC_ALL=C JX_LOG_LEVEL=error git clean -fd .
DEBUG: ran clean --force -d . in 
DEBUG: LC_ALL=C JX_LOG_LEVEL=error git merge 963979e92fe172352d7c12f0e82b67bb373f6cdd
DEBUG: ran git merge 963979e92fe172352d7c12f0e82b67bb373f6cdd in 
DEBUG: LC_ALL=C JX_LOG_LEVEL=error git log --format=%H%x1f%an%x1f%ae%x1f%cn%x1f%ce%x1f%s%n%b%x1e 37f5602be67187bf0f4b3a3007487255339d1493..HEAD
Merged SHA 963979e92fe172352d7c12f0e82b67bb373f6cdd with commit message 'chore: Promote bdd-spring-1583476816 to version 0.0.1' into base branch master

Showing logs for build [32mcb-kubecd-environment-pr-175-12-gvqgx-1[0m stage [32mfrom-build-pack[0m and container [32mstep-build-helm-build[0m
WARNING: No $CHART_REPOSITORY defined so using the default value of: http://jenkins-x-chartmuseum:8080
Adding missing Helm repo: storage.googleapis.com https://storage.googleapis.com/chartmuseum.jenkins-x.io
WARNING: No secrets found on "helm/repos" due: reading the secret "helm/repos" from vault: no secret "helm/repos" not found in vault
Read credentials for https://storage.googleapis.com/chartmuseum.jenkins-x.io from vault helm/repos
Successfully added Helm repository storage.googleapis.com.
Adding missing Helm repo: jenkins-x-chartmuseum http://jenkins-x-chartmuseum:8080
WARNING: No secrets found on "helm/repos" due: reading the secret "helm/repos" from vault: no secret "helm/repos" not found in vault
Read credentials for http://jenkins-x-chartmuseum:8080 from vault helm/repos
Successfully added Helm repository jenkins-x-chartmuseum.
WARNING: No $CHART_REPOSITORY defined so using the default value of: http://jenkins-x-chartmuseum:8080
Adding missing Helm repo: chartmuseum.jenkins-x.io http://chartmuseum.jenkins-x.io
WARNING: No secrets found on "helm/repos" due: reading the secret "helm/repos" from vault: no secret "helm/repos" not found in vault
Read credentials for http://chartmuseum.jenkins-x.io from vault helm/repos
Successfully added Helm repository chartmuseum.jenkins-x.io.
